<?xml version="1.0" encoding="UTF-8"?>
<!-- Generated by org.testng.reporters.JUnitXMLReporter -->
<testsuite ignored="0" hostname="LAPTOP-MJT7EMUV" failures="0" tests="4" name="Default test" time="0.081" errors="0" timestamp="2022-08-23T17:12:31 IST">
  <testcase classname="testng_Features.Priority_Features" name="spider" time="0.013"/>
  <testcase classname="testng_Features.Priority_Features" name="bats" time="0.003"/>
  <testcase classname="testng_Features.Priority_Features" name="pig" time="0.002"/>
  <testcase classname="testng_Features.Priority_Features" name="eagles" time="0.012"/>
</testsuite> <!-- Default test -->
