<?xml version="1.0" encoding="UTF-8"?>
<!-- Generated by org.testng.reporters.JUnitXMLReporter -->
<testsuite ignored="1" hostname="LAPTOP-MJT7EMUV" failures="0" tests="5" name="Test" time="0.091" errors="0" timestamp="2022-08-24T13:47:22 IST">
  <testcase classname="testng_Features.Group_Demo" name="cricket" time="0.018"/>
  <testcase classname="testng_Features.Group_Demo" name="football" time="0.002"/>
  <testcase classname="testng_Features.Group_Demo" name="history" time="0.003"/>
  <testcase classname="testng_Features.Group_Demo" name="hockey" time="0.004"/>
  <testcase classname="testng_Features.Group_Demo" name="social" time="0.002"/>
  <testcase classname="testng_Features.Group_Demo" name="news" time="0.0">
    <ignored/>
  </testcase> <!-- news -->
</testsuite> <!-- Test -->
