<?xml version="1.0" encoding="UTF-8"?>
<testng-results ignored="1" total="6" passed="5" failed="0" skipped="0">
  <reporter-output>
  </reporter-output>
  <suite started-at="2022-08-24T13:47:22 IST" name="Suite" finished-at="2022-08-24T13:47:22 IST" duration-ms="91">
    <groups>
      <group name="sports">
        <method signature="Group_Demo.cricket()[pri:0, instance:testng_Features.Group_Demo@57d7f8ca]" name="cricket" class="testng_Features.Group_Demo"/>
        <method signature="Group_Demo.football()[pri:0, instance:testng_Features.Group_Demo@57d7f8ca]" name="football" class="testng_Features.Group_Demo"/>
        <method signature="Group_Demo.hockey()[pri:0, instance:testng_Features.Group_Demo@57d7f8ca]" name="hockey" class="testng_Features.Group_Demo"/>
      </group> <!-- sports -->
      <group name="subjects">
        <method signature="Group_Demo.history()[pri:0, instance:testng_Features.Group_Demo@57d7f8ca]" name="history" class="testng_Features.Group_Demo"/>
        <method signature="Group_Demo.social()[pri:0, instance:testng_Features.Group_Demo@57d7f8ca]" name="social" class="testng_Features.Group_Demo"/>
      </group> <!-- subjects -->
    </groups>
    <test started-at="2022-08-24T13:47:22 IST" name="Test" finished-at="2022-08-24T13:47:22 IST" duration-ms="91">
      <class name="testng_Features.Group_Demo">
        <test-method signature="cricket()[pri:0, instance:testng_Features.Group_Demo@57d7f8ca]" started-at="2022-08-24T13:47:22 IST" name="cricket" finished-at="2022-08-24T13:47:22 IST" duration-ms="18" status="PASS">
          <reporter-output>
          </reporter-output>
        </test-method> <!-- cricket -->
        <test-method signature="football()[pri:0, instance:testng_Features.Group_Demo@57d7f8ca]" started-at="2022-08-24T13:47:22 IST" name="football" finished-at="2022-08-24T13:47:22 IST" duration-ms="2" status="PASS">
          <reporter-output>
          </reporter-output>
        </test-method> <!-- football -->
        <test-method signature="history()[pri:0, instance:testng_Features.Group_Demo@57d7f8ca]" started-at="2022-08-24T13:47:22 IST" name="history" finished-at="2022-08-24T13:47:22 IST" duration-ms="3" status="PASS">
          <reporter-output>
          </reporter-output>
        </test-method> <!-- history -->
        <test-method signature="hockey()[pri:0, instance:testng_Features.Group_Demo@57d7f8ca]" started-at="2022-08-24T13:47:22 IST" name="hockey" finished-at="2022-08-24T13:47:22 IST" duration-ms="4" status="PASS">
          <reporter-output>
          </reporter-output>
        </test-method> <!-- hockey -->
        <test-method signature="social()[pri:0, instance:testng_Features.Group_Demo@57d7f8ca]" started-at="2022-08-24T13:47:22 IST" name="social" finished-at="2022-08-24T13:47:22 IST" duration-ms="2" status="PASS">
          <reporter-output>
          </reporter-output>
        </test-method> <!-- social -->
      </class> <!-- testng_Features.Group_Demo -->
    </test> <!-- Test -->
  </suite> <!-- Suite -->
</testng-results>
